<?xml version="1.0" encoding="UTF-8"?>
<!-- Generated by org.testng.reporters.JUnitXMLReporter -->
<testsuite hostname="DESKTOP-N83H8S6" name="Test" tests="2" failures="1" timestamp="15 Jul 2021 12:57:09 GMT" time="14.599" errors="0">
  <testcase name="testLogin" time="8.679" classname="session3.GroupExecution">
    <failure type="java.lang.AssertionError" message="expected [JavaByKiran | Da shboard] but found [JavaByKiran | Dashboard]">
      <![CDATA[java.lang.AssertionError: expected [JavaByKiran | Da shboard] but found [JavaByKiran | Dashboard]
	at session3.GroupExecution.testLogin(GroupExecution.java:24)
... Removed 31 stack frames]]>
    </failure>
  </testcase> <!-- testLogin -->
  <testcase name="testDashboard" time="5.857" classname="session3.GroupExecution"/>
</testsuite> <!-- Test -->
